0 info it worked if it ends with ok
1 verbose cli [ '/usr/local/bin/node',
1 verbose cli   '/usr/local/bin/npm',
1 verbose cli   'install',
1 verbose cli   '-g',
1 verbose cli   'ios-deploy' ]
2 info using npm@2.15.9
3 info using node@v4.5.0
4 verbose install initial load of /usr/local/lib/package.json
5 verbose readDependencies loading dependencies from /usr/local/lib/package.json
6 silly cache add args [ 'ios-deploy', null ]
7 verbose cache add spec ios-deploy
8 silly cache add parsed spec Result {
8 silly cache add   raw: 'ios-deploy',
8 silly cache add   scope: null,
8 silly cache add   name: 'ios-deploy',
8 silly cache add   rawSpec: '',
8 silly cache add   spec: 'latest',
8 silly cache add   type: 'tag' }
9 silly addNamed ios-deploy@latest
10 verbose addNamed "latest" is being treated as a dist-tag for ios-deploy
11 info addNameTag [ 'ios-deploy', 'latest' ]
12 silly mapToRegistry name ios-deploy
13 silly mapToRegistry using default registry
14 silly mapToRegistry registry https://registry.npmjs.org/
15 silly mapToRegistry data Result {
15 silly mapToRegistry   raw: 'ios-deploy',
15 silly mapToRegistry   scope: null,
15 silly mapToRegistry   name: 'ios-deploy',
15 silly mapToRegistry   rawSpec: '',
15 silly mapToRegistry   spec: 'latest',
15 silly mapToRegistry   type: 'tag' }
16 silly mapToRegistry uri https://registry.npmjs.org/ios-deploy
17 verbose addNameTag registry:https://registry.npmjs.org/ios-deploy not in flight; fetching
18 verbose request uri https://registry.npmjs.org/ios-deploy
19 verbose request no auth needed
20 info attempt registry request try #1 at 23:57:28
21 verbose request id 204f227dbdf6c115
22 verbose etag "5ALDUQ1GLDBEYMDJK8RUMV18V"
23 http request GET https://registry.npmjs.org/ios-deploy
24 http 304 https://registry.npmjs.org/ios-deploy
25 verbose headers { date: 'Sat, 10 Sep 2016 15:57:28 GMT',
25 verbose headers   via: '1.1 varnish',
25 verbose headers   'cache-control': 'max-age=300',
25 verbose headers   etag: '"5ALDUQ1GLDBEYMDJK8RUMV18V"',
25 verbose headers   age: '39',
25 verbose headers   connection: 'keep-alive',
25 verbose headers   'x-served-by': 'cache-hkg6825-HKG',
25 verbose headers   'x-cache': 'HIT',
25 verbose headers   'x-cache-hits': '2',
25 verbose headers   'x-timer': 'S1473523048.621533,VS0,VE0',
25 verbose headers   vary: 'Accept-Encoding' }
26 silly get cb [ 304,
26 silly get   { date: 'Sat, 10 Sep 2016 15:57:28 GMT',
26 silly get     via: '1.1 varnish',
26 silly get     'cache-control': 'max-age=300',
26 silly get     etag: '"5ALDUQ1GLDBEYMDJK8RUMV18V"',
26 silly get     age: '39',
26 silly get     connection: 'keep-alive',
26 silly get     'x-served-by': 'cache-hkg6825-HKG',
26 silly get     'x-cache': 'HIT',
26 silly get     'x-cache-hits': '2',
26 silly get     'x-timer': 'S1473523048.621533,VS0,VE0',
26 silly get     vary: 'Accept-Encoding' } ]
27 verbose etag https://registry.npmjs.org/ios-deploy from cache
28 verbose get saving ios-deploy to /Users/hailian/.npm/registry.npmjs.org/ios-deploy/.cache.json
29 verbose correctMkdir /Users/hailian/.npm correctMkdir not in flight; initializing
30 silly addNameTag next cb for ios-deploy with tag latest
31 silly addNamed ios-deploy@1.8.6
32 verbose addNamed "1.8.6" is a plain semver version for ios-deploy
33 silly cache afterAdd ios-deploy@1.8.6
34 verbose afterAdd /Users/hailian/.npm/ios-deploy/1.8.6/package/package.json not in flight; writing
35 verbose correctMkdir /Users/hailian/.npm correctMkdir not in flight; initializing
36 verbose afterAdd /Users/hailian/.npm/ios-deploy/1.8.6/package/package.json written
37 silly install resolved [ { name: 'ios-deploy',
37 silly install resolved     version: '1.8.6',
37 silly install resolved     os: [ 'darwin' ],
37 silly install resolved     description: 'launch iOS apps iOS devices from the command line (Xcode 7)',
37 silly install resolved     main: 'ios-deploy',
37 silly install resolved     scripts:
37 silly install resolved      { preinstall: './src/scripts/check_reqs.js && xcodebuild',
37 silly install resolved        test: 'npm run pycompile && npm run jshint && xcodebuild -target ios-deploy-lib && xcodebuild test -scheme ios-deploy-tests',
37 silly install resolved        jshint: 'node node_modules/jshint/bin/jshint src/scripts/*.js',
37 silly install resolved        pycompile: 'python -m py_compile src/scripts/*.py' },
37 silly install resolved     bin: { 'ios-deploy': './build/Release/ios-deploy' },
37 silly install resolved     repository:
37 silly install resolved      { type: 'git',
37 silly install resolved        url: 'git+https://github.com/phonegap/ios-deploy.git' },
37 silly install resolved     devDependencies: { jshint: '2.5.8' },
37 silly install resolved     keywords: [ 'ios-deploy', 'deploy to iOS device' ],
37 silly install resolved     bugs: { url: 'https://github.com/phonegap/ios-deploy/issues' },
37 silly install resolved     author: { name: 'Greg Hughes' },
37 silly install resolved     license: 'GPLv3',
37 silly install resolved     gitHead: 'd7cccae1ade60378ce1134f496b68eeac53eb860',
37 silly install resolved     homepage: 'https://github.com/phonegap/ios-deploy#readme',
37 silly install resolved     _id: 'ios-deploy@1.8.6',
37 silly install resolved     _shasum: 'abb0b5132e7e6c89d1f521ba7c81c44eec54d4f5',
37 silly install resolved     _from: 'ios-deploy@latest',
37 silly install resolved     _npmVersion: '2.14.7',
37 silly install resolved     _nodeVersion: '4.2.2',
37 silly install resolved     _npmUser: { name: 'shazron', email: 'shazron@gmail.com' },
37 silly install resolved     maintainers: [ [Object], [Object], [Object] ],
37 silly install resolved     dist:
37 silly install resolved      { shasum: 'abb0b5132e7e6c89d1f521ba7c81c44eec54d4f5',
37 silly install resolved        tarball: 'https://registry.npmjs.org/ios-deploy/-/ios-deploy-1.8.6.tgz' },
37 silly install resolved     _npmOperationalInternal:
37 silly install resolved      { host: 'packages-16-east.internal.npmjs.com',
37 silly install resolved        tmp: 'tmp/ios-deploy-1.8.6.tgz_1460409336359_0.34613347332924604' },
37 silly install resolved     directories: {},
37 silly install resolved     _resolved: 'https://registry.npmjs.org/ios-deploy/-/ios-deploy-1.8.6.tgz',
37 silly install resolved     readme: 'ERROR: No README data found!' } ]
38 info install ios-deploy@1.8.6 into /usr/local/lib
39 info installOne ios-deploy@1.8.6
40 verbose installOne of ios-deploy to /usr/local/lib not in flight; installing
41 verbose correctMkdir /Users/hailian/.npm/_locks correctMkdir not in flight; initializing
42 verbose lock using /Users/hailian/.npm/_locks/ios-deploy-198957223cd98201.lock for /usr/local/lib/node_modules/ios-deploy
43 silly install write writing ios-deploy 1.8.6 to /usr/local/lib/node_modules/ios-deploy
44 verbose unbuild lib/node_modules/ios-deploy
45 silly gentlyRm /usr/local/lib/node_modules/ios-deploy is being purged from base /usr/local
46 verbose gentlyRm don't care about contents; nuking /usr/local/lib/node_modules/ios-deploy
47 verbose tar unpack /Users/hailian/.npm/ios-deploy/1.8.6/package.tgz
48 verbose tar unpacking to /usr/local/lib/node_modules/ios-deploy
49 silly gentlyRm /usr/local/lib/node_modules/ios-deploy is being purged
50 verbose gentlyRm don't care about contents; nuking /usr/local/lib/node_modules/ios-deploy
51 silly gunzTarPerm modes [ '755', '644' ]
52 error tar.unpack untar error /Users/hailian/.npm/ios-deploy/1.8.6/package.tgz
53 verbose unlock done using /Users/hailian/.npm/_locks/ios-deploy-198957223cd98201.lock for /usr/local/lib/node_modules/ios-deploy
54 verbose fstream_path /usr/local/lib/node_modules/ios-deploy
55 verbose fstream_type Directory
56 verbose fstream_class DirWriter
57 verbose stack Error: EACCES: permission denied, mkdir '/usr/local/lib/node_modules/ios-deploy'
57 verbose stack     at Error (native)
58 verbose fstream_stack /usr/local/lib/node_modules/npm/node_modules/fstream/lib/dir-writer.js:35:25
58 verbose fstream_stack /usr/local/lib/node_modules/npm/node_modules/mkdirp/index.js:47:53
58 verbose fstream_stack FSReqWrap.oncomplete (fs.js:82:15)
59 verbose cwd /Users/hailian/Desktop/APP
60 error Darwin 15.6.0
61 error argv "/usr/local/bin/node" "/usr/local/bin/npm" "install" "-g" "ios-deploy"
62 error node v4.5.0
63 error npm  v2.15.9
64 error path /usr/local/lib/node_modules/ios-deploy
65 error code EACCES
66 error errno -13
67 error syscall mkdir
68 error Error: EACCES: permission denied, mkdir '/usr/local/lib/node_modules/ios-deploy'
68 error     at Error (native)
68 error  { [Error: EACCES: permission denied, mkdir '/usr/local/lib/node_modules/ios-deploy']
68 error   errno: -13,
68 error   code: 'EACCES',
68 error   syscall: 'mkdir',
68 error   path: '/usr/local/lib/node_modules/ios-deploy',
68 error   fstream_type: 'Directory',
68 error   fstream_path: '/usr/local/lib/node_modules/ios-deploy',
68 error   fstream_class: 'DirWriter',
68 error   fstream_stack:
68 error    [ '/usr/local/lib/node_modules/npm/node_modules/fstream/lib/dir-writer.js:35:25',
68 error      '/usr/local/lib/node_modules/npm/node_modules/mkdirp/index.js:47:53',
68 error      'FSReqWrap.oncomplete (fs.js:82:15)' ] }
69 error Please try running this command again as root/Administrator.
70 verbose exit [ -13, true ]
71 verbose unbuild lib/node_modules/ios-deploy
72 silly gentlyRm /usr/local/lib/node_modules/ios-deploy is being purged from base /usr/local
73 verbose gentlyRm don't care about contents; nuking /usr/local/lib/node_modules/ios-deploy
